TN:
SF:contracts/Diamond.sol
DA:17,0
FN:17,Diamond.constructor
FNDA:0,Diamond.constructor
DA:26,0
BRDA:26,0,0,-
BRDA:26,0,1,-
DA:27,0
DA:30,0
DA:31,0
DA:32,0
DA:35,0
DA:36,0
DA:39,0
DA:40,0
DA:41,0
DA:42,0
DA:47,0
DA:52,0
FN:52,Diamond.fallback
FNDA:0,Diamond.fallback
DA:53,0
DA:54,0
DA:57,0
DA:60,0
DA:61,0
BRDA:61,1,0,-
BRDA:61,1,1,-
DA:65,0
DA:67,0
DA:69,0
DA:72,0
DA:73,0
DA:75,0
DA:76,0
FNF:2
FNH:0
LF:26
LH:0
BRF:4
BRH:0
end_of_record
TN:
SF:contracts/facets/DiamondCutFacet.sol
DA:14,0
FN:14,DiamondCutFacet.diamondCut
FNDA:0,DiamondCutFacet.diamondCut
DA:19,0
DA:20,0
FNF:1
FNH:0
LF:3
LH:0
BRF:0
BRH:0
end_of_record
TN:
SF:contracts/facets/DiamondLoupeFacet.sol
DA:24,0
FN:24,DiamondLoupeFacet.facets
FNDA:0,DiamondLoupeFacet.facets
DA:25,0
DA:26,0
DA:27,0
DA:28,0
DA:29,0
DA:30,0
DA:31,0
DA:38,0
FN:38,DiamondLoupeFacet.facetFunctionSelectors
FNDA:0,DiamondLoupeFacet.facetFunctionSelectors
DA:39,0
DA:40,0
DA:45,0
FN:45,DiamondLoupeFacet.facetAddresses
FNDA:0,DiamondLoupeFacet.facetAddresses
DA:46,0
DA:47,0
DA:54,0
FN:54,DiamondLoupeFacet.facetAddress
FNDA:0,DiamondLoupeFacet.facetAddress
DA:55,0
DA:56,0
DA:60,0
FN:60,DiamondLoupeFacet.supportsInterface
FNDA:0,DiamondLoupeFacet.supportsInterface
DA:61,0
DA:62,0
FNF:5
FNH:0
LF:20
LH:0
BRF:0
BRH:0
end_of_record
TN:
SF:contracts/facets/ERC20Facet.sol
DA:11,0
FN:11,ERC20Facet.onlyOwner
FNDA:0,ERC20Facet.onlyOwner
DA:12,0
DA:16,0
FN:16,ERC20Facet.name
FNDA:0,ERC20Facet.name
DA:17,0
DA:20,0
FN:20,ERC20Facet.symbol
FNDA:0,ERC20Facet.symbol
DA:21,0
DA:24,0
FN:24,ERC20Facet.decimals
FNDA:0,ERC20Facet.decimals
DA:25,0
DA:28,0
FN:28,ERC20Facet.totalSupply
FNDA:0,ERC20Facet.totalSupply
DA:29,0
DA:32,0
FN:32,ERC20Facet.balanceOf
FNDA:0,ERC20Facet.balanceOf
DA:33,0
DA:36,0
FN:36,ERC20Facet.transfer
FNDA:0,ERC20Facet.transfer
DA:37,0
BRDA:37,0,0,-
BRDA:37,0,1,-
DA:38,0
BRDA:38,1,0,-
BRDA:38,1,1,-
DA:39,0
BRDA:39,2,0,-
BRDA:39,2,1,-
DA:40,0
DA:41,0
DA:42,0
DA:43,0
DA:46,0
FN:46,ERC20Facet.transferFrom
FNDA:0,ERC20Facet.transferFrom
DA:47,0
BRDA:47,3,0,-
BRDA:47,3,1,-
DA:48,0
BRDA:48,4,0,-
BRDA:48,4,1,-
DA:49,0
BRDA:49,5,0,-
BRDA:49,5,1,-
DA:50,0
DA:51,0
DA:52,0
DA:53,0
DA:54,0
DA:57,0
FN:57,ERC20Facet.approve
FNDA:0,ERC20Facet.approve
DA:58,0
DA:59,0
DA:60,0
DA:63,0
FN:63,ERC20Facet.allowance
FNDA:0,ERC20Facet.allowance
DA:64,0
DA:67,0
FN:67,ERC20Facet.mint
FNDA:0,ERC20Facet.mint
DA:68,0
BRDA:68,6,0,-
BRDA:68,6,1,-
DA:69,0
BRDA:69,7,0,-
BRDA:69,7,1,-
DA:70,0
DA:71,0
DA:72,0
FNF:11
FNH:0
LF:41
LH:0
BRF:16
BRH:0
end_of_record
TN:
SF:contracts/facets/ERC721BorrowerFacet.sol
DA:20,0
FN:20,ERC721BorrowerFacet.onlyOwner
FNDA:0,ERC721BorrowerFacet.onlyOwner
DA:21,0
DA:26,0
FN:26,ERC721BorrowerFacet.setCollateralFee
FNDA:0,ERC721BorrowerFacet.setCollateralFee
DA:27,0
BRDA:27,0,0,-
BRDA:27,0,1,-
DA:28,0
DA:29,0
DA:33,0
FN:33,ERC721BorrowerFacet.setRepaymentPeriod
FNDA:0,ERC721BorrowerFacet.setRepaymentPeriod
DA:34,0
BRDA:34,1,0,-
BRDA:34,1,1,-
DA:35,0
DA:36,0
DA:40,0
FN:40,ERC721BorrowerFacet.listForBorrow
FNDA:0,ERC721BorrowerFacet.listForBorrow
DA:41,0
BRDA:41,2,0,-
BRDA:41,2,1,-
DA:42,0
BRDA:42,3,0,-
BRDA:42,3,1,-
DA:43,0
BRDA:43,4,0,-
BRDA:43,4,1,-
DA:44,0
BRDA:44,5,0,-
BRDA:44,5,1,-
DA:46,0
DA:48,0
DA:55,0
DA:59,0
FN:59,ERC721BorrowerFacet.delistBorrow
FNDA:0,ERC721BorrowerFacet.delistBorrow
DA:60,0
DA:61,0
BRDA:61,6,0,-
BRDA:61,6,1,-
DA:62,0
BRDA:62,7,0,-
BRDA:62,7,1,-
DA:67,0
DA:69,0
DA:73,0
FN:73,ERC721BorrowerFacet.borrowNFT
FNDA:0,ERC721BorrowerFacet.borrowNFT
DA:74,0
DA:75,0
BRDA:75,8,0,-
BRDA:75,8,1,-
DA:76,0
BRDA:76,9,0,-
BRDA:76,9,1,-
DA:77,0
BRDA:77,10,0,-
BRDA:77,10,1,-
DA:79,0
DA:80,0
BRDA:80,11,0,-
BRDA:80,11,1,-
DA:82,0
DA:83,0
DA:85,0
DA:87,0
DA:88,0
DA:89,0
DA:91,0
DA:94,0
FN:94,ERC721BorrowerFacet.returnNFT
FNDA:0,ERC721BorrowerFacet.returnNFT
DA:95,0
DA:96,0
BRDA:96,12,0,-
BRDA:96,12,1,-
DA:97,0
BRDA:97,13,0,-
BRDA:97,13,1,-
DA:98,0
BRDA:98,14,0,-
BRDA:98,14,1,-
DA:100,0
DA:101,0
DA:105,0
DA:107,0
DA:108,0
DA:110,0
DA:113,0
FN:113,ERC721BorrowerFacet.liquidate
FNDA:0,ERC721BorrowerFacet.liquidate
DA:114,0
DA:115,0
BRDA:115,15,0,-
BRDA:115,15,1,-
DA:116,0
BRDA:116,16,0,-
BRDA:116,16,1,-
DA:118,0
DA:119,0
DA:123,0
DA:124,0
DA:126,0
DA:130,0
FN:130,ERC721BorrowerFacet.getBorrowInfo
FNDA:0,ERC721BorrowerFacet.getBorrowInfo
DA:140,0
DA:141,0
DA:144,0
FN:144,ERC721BorrowerFacet.getCollateralFee
FNDA:0,ERC721BorrowerFacet.getCollateralFee
DA:145,0
DA:148,0
FN:148,ERC721BorrowerFacet.getRepaymentPeriod
FNDA:0,ERC721BorrowerFacet.getRepaymentPeriod
DA:149,0
DA:152,0
FN:152,ERC721BorrowerFacet._transferNFT
FNDA:0,ERC721BorrowerFacet._transferNFT
DA:154,0
DA:155,0
DA:156,0
DA:157,0
FNF:12
FNH:0
LF:70
LH:0
BRF:34
BRH:0
end_of_record
TN:
SF:contracts/facets/ERC721facet.sol
DA:18,0
FN:18,ERC721Facet.onlyOwner
FNDA:0,ERC721Facet.onlyOwner
DA:19,0
DA:25,0
FN:25,ERC721Facet.erc721name
FNDA:0,ERC721Facet.erc721name
DA:26,0
DA:29,0
FN:29,ERC721Facet.erc721symbol
FNDA:0,ERC721Facet.erc721symbol
DA:30,0
DA:33,0
FN:33,ERC721Facet.tokenURI
FNDA:0,ERC721Facet.tokenURI
DA:34,0
BRDA:34,0,0,-
BRDA:34,0,1,-
DA:35,0
DA:38,0
FN:38,ERC721Facet.getTokenData
FNDA:0,ERC721Facet.getTokenData
DA:39,0
DA:42,0
FN:42,ERC721Facet.erc721totalSupply
FNDA:0,ERC721Facet.erc721totalSupply
DA:43,0
DA:46,0
FN:46,ERC721Facet.erc721mint
FNDA:0,ERC721Facet.erc721mint
DA:47,0
DA:48,0
DA:49,0
DA:54,0
FN:54,ERC721Facet.erc721balanceOf
FNDA:0,ERC721Facet.erc721balanceOf
DA:55,0
BRDA:55,1,0,-
BRDA:55,1,1,-
DA:56,0
DA:59,0
FN:59,ERC721Facet.ownerOf
FNDA:0,ERC721Facet.ownerOf
DA:60,0
DA:61,0
BRDA:61,2,0,-
BRDA:61,2,1,-
DA:62,0
DA:65,0
FN:65,ERC721Facet.erc721approve
FNDA:0,ERC721Facet.erc721approve
DA:66,0
DA:67,0
BRDA:67,3,0,-
BRDA:67,3,1,-
DA:68,0
BRDA:68,4,0,-
BRDA:68,4,1,-
DA:72,0
DA:73,0
DA:76,0
FN:76,ERC721Facet.getApproved
FNDA:0,ERC721Facet.getApproved
DA:77,0
BRDA:77,5,0,-
BRDA:77,5,1,-
DA:78,0
DA:81,0
FN:81,ERC721Facet.setApprovalForAll
FNDA:0,ERC721Facet.setApprovalForAll
DA:82,0
BRDA:82,6,0,-
BRDA:82,6,1,-
DA:83,0
DA:84,0
DA:87,0
FN:87,ERC721Facet.isApprovedForAll
FNDA:0,ERC721Facet.isApprovedForAll
DA:88,0
DA:91,0
FN:91,ERC721Facet.erc721transferFrom
FNDA:0,ERC721Facet.erc721transferFrom
DA:92,0
DA:95,0
FN:95,ERC721Facet.erc721safeTransferFrom.0
FNDA:0,ERC721Facet.erc721safeTransferFrom.0
DA:96,0
DA:99,0
FN:99,ERC721Facet.erc721safeTransferFrom.1
FNDA:0,ERC721Facet.erc721safeTransferFrom.1
DA:105,0
DA:110,0
FN:110,ERC721Facet._mint
FNDA:0,ERC721Facet._mint
DA:111,0
BRDA:111,7,0,-
BRDA:111,7,1,-
DA:112,0
BRDA:112,8,0,-
BRDA:112,8,1,-
DA:114,0
DA:115,0
DA:116,0
DA:117,0
DA:118,0
DA:119,0
DA:122,0
FN:122,ERC721Facet._transfer
FNDA:0,ERC721Facet._transfer
DA:129,0
BRDA:129,9,0,-
BRDA:129,9,1,-
DA:130,0
DA:131,0
BRDA:131,10,0,-
BRDA:131,10,1,-
DA:132,0
BRDA:132,11,0,-
BRDA:132,11,1,-
DA:135,0
DA:136,0
DA:137,0
DA:139,0
DA:141,0
BRDA:141,12,0,-
DA:142,0
BRDA:142,13,0,-
BRDA:142,13,1,-
DA:150,0
FN:150,ERC721Facet._isApprovedOrOwner
FNDA:0,ERC721Facet._isApprovedOrOwner
DA:151,0
DA:152,0
DA:159,0
FN:159,ERC721Facet.resolveTraits
FNDA:0,ERC721Facet.resolveTraits
DA:161,0
DA:162,0
DA:165,0
BRDA:165,14,0,-
DA:166,0
DA:167,0
DA:168,0
DA:171,0
DA:172,0
DA:173,0
DA:176,0
DA:179,0
FN:179,ERC721Facet.setReqData
FNDA:0,ERC721Facet.setReqData
DA:180,0
DA:181,0
FNF:21
FNH:0
LF:82
LH:0
BRF:28
BRH:0
end_of_record
TN:
SF:contracts/facets/MarketplaceFacet.sol
DA:19,0
FN:19,MarketplaceFacet.listNFT
FNDA:0,MarketplaceFacet.listNFT
DA:20,0
BRDA:20,0,0,-
BRDA:20,0,1,-
DA:21,0
BRDA:21,1,0,-
BRDA:21,1,1,-
DA:22,0
BRDA:22,2,0,-
BRDA:22,2,1,-
DA:25,0
DA:27,0
DA:33,0
DA:37,0
FN:37,MarketplaceFacet.delistNFT
FNDA:0,MarketplaceFacet.delistNFT
DA:38,0
DA:39,0
BRDA:39,3,0,-
BRDA:39,3,1,-
DA:40,0
BRDA:40,4,0,-
BRDA:40,4,1,-
DA:45,0
DA:47,0
DA:53,0
FN:53,MarketplaceFacet.buyNFT
FNDA:0,MarketplaceFacet.buyNFT
DA:54,0
DA:55,0
BRDA:55,5,0,-
BRDA:55,5,1,-
DA:56,0
BRDA:56,6,0,-
BRDA:56,6,1,-
DA:58,0
DA:59,0
DA:61,0
BRDA:61,7,0,-
BRDA:61,7,1,-
DA:67,0
DA:68,0
DA:71,0
DA:73,0
DA:78,0
FN:78,MarketplaceFacet.getListing
FNDA:0,MarketplaceFacet.getListing
DA:83,0
DA:84,0
DA:87,0
FN:87,MarketplaceFacet.isListed
FNDA:0,MarketplaceFacet.isListed
DA:88,0
DA:93,0
FN:93,MarketplaceFacet._transferNFT
FNDA:0,MarketplaceFacet._transferNFT
DA:95,0
DA:96,0
DA:97,0
DA:98,0
FNF:6
FNH:0
LF:34
LH:0
BRF:16
BRH:0
end_of_record
TN:
SF:contracts/facets/MultiSigFacet.sol
DA:20,0
FN:20,MultiSigFacet.onlySigner
FNDA:0,MultiSigFacet.onlySigner
DA:21,0
BRDA:21,0,0,-
BRDA:21,0,1,-
DA:25,0
FN:25,MultiSigFacet.onlySelf
FNDA:0,MultiSigFacet.onlySelf
DA:26,0
BRDA:26,1,0,-
BRDA:26,1,1,-
DA:30,0
FN:30,MultiSigFacet.txExists
FNDA:0,MultiSigFacet.txExists
DA:31,0
BRDA:31,2,0,-
BRDA:31,2,1,-
DA:35,0
FN:35,MultiSigFacet.notExecuted
FNDA:0,MultiSigFacet.notExecuted
DA:36,0
BRDA:36,3,0,-
BRDA:36,3,1,-
DA:40,0
FN:40,MultiSigFacet.initializeMultiSig
FNDA:0,MultiSigFacet.initializeMultiSig
DA:41,0
BRDA:41,4,0,-
BRDA:41,4,1,-
DA:42,0
BRDA:42,5,0,-
BRDA:42,5,1,-
DA:43,0
BRDA:43,6,0,-
BRDA:43,6,1,-
DA:45,0
DA:46,0
DA:47,0
BRDA:47,7,0,-
BRDA:47,7,1,-
DA:48,0
BRDA:48,8,0,-
BRDA:48,8,1,-
DA:49,0
DA:50,0
DA:53,0
DA:54,0
DA:56,0
DA:59,0
FN:59,MultiSigFacet.submitTransaction
FNDA:0,MultiSigFacet.submitTransaction
DA:64,0
BRDA:64,9,0,-
BRDA:64,9,1,-
DA:66,0
DA:67,0
DA:75,0
DA:79,0
FN:79,MultiSigFacet.confirmTransaction
FNDA:0,MultiSigFacet.confirmTransaction
DA:85,0
BRDA:85,10,0,-
BRDA:85,10,1,-
DA:87,0
DA:88,0
DA:90,0
DA:94,0
FN:94,MultiSigFacet.revokeConfirmation
FNDA:0,MultiSigFacet.revokeConfirmation
DA:100,0
BRDA:100,11,0,-
BRDA:100,11,1,-
DA:102,0
DA:103,0
DA:105,0
DA:109,0
FN:109,MultiSigFacet.executeTransaction
FNDA:0,MultiSigFacet.executeTransaction
DA:115,0
DA:116,0
BRDA:116,12,0,-
BRDA:116,12,1,-
DA:118,0
DA:120,0
DA:121,0
BRDA:121,13,0,-
BRDA:121,13,1,-
DA:123,0
DA:127,0
FN:127,MultiSigFacet.addSigner
FNDA:0,MultiSigFacet.addSigner
DA:128,0
BRDA:128,14,0,-
BRDA:128,14,1,-
DA:129,0
BRDA:129,15,0,-
BRDA:129,15,1,-
DA:131,0
DA:132,0
DA:134,0
DA:138,0
FN:138,MultiSigFacet.removeSigner
FNDA:0,MultiSigFacet.removeSigner
DA:139,0
BRDA:139,16,0,-
BRDA:139,16,1,-
DA:140,0
BRDA:140,17,0,-
BRDA:140,17,1,-
DA:142,0
DA:145,0
DA:146,0
BRDA:146,18,0,-
DA:147,0
DA:148,0
DA:149,0
DA:153,0
DA:157,0
FN:157,MultiSigFacet.changeQuorum
FNDA:0,MultiSigFacet.changeQuorum
DA:158,0
BRDA:158,19,0,-
BRDA:158,19,1,-
DA:159,0
DA:160,0
DA:163,0
FN:163,MultiSigFacet.getTransaction
FNDA:0,MultiSigFacet.getTransaction
DA:175,0
DA:176,0
DA:179,0
FN:179,MultiSigFacet.getTransactionCount
FNDA:0,MultiSigFacet.getTransactionCount
DA:180,0
DA:183,0
FN:183,MultiSigFacet.getSigners
FNDA:0,MultiSigFacet.getSigners
DA:184,0
DA:187,0
FN:187,MultiSigFacet.getQuorum
FNDA:0,MultiSigFacet.getQuorum
DA:188,0
DA:191,0
FN:191,MultiSigFacet.isConfirmed
FNDA:0,MultiSigFacet.isConfirmed
DA:192,0
DA:195,0
FN:195,MultiSigFacet.isSigner
FNDA:0,MultiSigFacet.isSigner
DA:196,0
FNF:18
FNH:0
LF:76
LH:0
BRF:39
BRH:0
end_of_record
TN:
SF:contracts/facets/OwnershipFacet.sol
DA:8,0
FN:8,OwnershipFacet.transferOwnership
FNDA:0,OwnershipFacet.transferOwnership
DA:9,0
DA:10,0
DA:13,0
FN:13,OwnershipFacet.owner
FNDA:0,OwnershipFacet.owner
DA:14,0
FNF:2
FNH:0
LF:5
LH:0
BRF:0
BRH:0
end_of_record
TN:
SF:contracts/facets/SVGfacet.sol
DA:13,0
FN:13,SVGFacet.onlyOwner
FNDA:0,SVGFacet.onlyOwner
DA:14,0
DA:18,0
FN:18,SVGFacet.setCollectionSvg
FNDA:0,SVGFacet.setCollectionSvg
DA:19,0
BRDA:19,0,0,-
BRDA:19,0,1,-
DA:20,0
DA:21,0
DA:24,0
FN:24,SVGFacet.collectionSvg
FNDA:0,SVGFacet.collectionSvg
DA:25,0
DA:29,0
FN:29,SVGFacet.getSVG
FNDA:0,SVGFacet.getSVG
DA:30,0
DA:33,0
FN:33,SVGFacet.getTokenURI
FNDA:0,SVGFacet.getTokenURI
DA:34,0
FNF:5
FNH:0
LF:12
LH:0
BRF:2
BRH:0
end_of_record
TN:
SF:contracts/facets/StakingFacet.sol
DA:17,0
FN:17,StakingFacet.onlyOwner
FNDA:0,StakingFacet.onlyOwner
DA:18,0
DA:22,0
FN:22,StakingFacet.setStakingConfig
FNDA:0,StakingFacet.setStakingConfig
DA:23,0
DA:24,0
DA:25,0
DA:28,0
FN:28,StakingFacet.stakeNFT
FNDA:0,StakingFacet.stakeNFT
DA:29,0
BRDA:29,0,0,-
BRDA:29,0,1,-
DA:30,0
BRDA:30,1,0,-
BRDA:30,1,1,-
DA:31,0
BRDA:31,2,0,-
BRDA:31,2,1,-
DA:33,0
DA:35,0
DA:36,0
DA:43,0
DA:46,0
FN:46,StakingFacet.unstakeNFT
FNDA:0,StakingFacet.unstakeNFT
DA:47,0
DA:48,0
BRDA:48,3,0,-
BRDA:48,3,1,-
DA:49,0
BRDA:49,4,0,-
BRDA:49,4,1,-
DA:50,0
BRDA:50,5,0,-
BRDA:50,5,1,-
DA:54,0
DA:56,0
DA:59,0
FN:59,StakingFacet.claimReward
FNDA:0,StakingFacet.claimReward
DA:60,0
DA:61,0
BRDA:61,6,0,-
BRDA:61,6,1,-
DA:62,0
BRDA:62,7,0,-
BRDA:62,7,1,-
DA:63,0
BRDA:63,8,0,-
BRDA:63,8,1,-
DA:65,0
DA:66,0
BRDA:66,9,0,-
BRDA:66,9,1,-
DA:67,0
BRDA:67,10,0,-
BRDA:67,10,1,-
DA:69,0
DA:71,0
DA:72,0
DA:74,0
DA:78,0
FN:78,StakingFacet.stakeInfo
FNDA:0,StakingFacet.stakeInfo
DA:83,0
DA:84,0
DA:87,0
FN:87,StakingFacet.rewardStatus
FNDA:0,StakingFacet.rewardStatus
DA:88,0
DA:89,0
BRDA:89,11,0,-
DA:90,0
DA:91,0
DA:94,0
FN:94,StakingFacet.pendingReward
FNDA:0,StakingFacet.pendingReward
DA:95,0
DA:96,0
BRDA:96,12,0,-
DA:97,0
DA:101,0
FN:101,StakingFacet.stakingConfig
FNDA:0,StakingFacet.stakingConfig
DA:102,0
DA:106,0
FN:106,StakingFacet._transferNFT
FNDA:0,StakingFacet._transferNFT
DA:108,0
DA:109,0
DA:110,0
DA:111,0
FNF:10
FNH:0
LF:52
LH:0
BRF:24
BRH:0
end_of_record
TN:
SF:contracts/facets/VRFfacet.sol
DA:17,0
FN:17,VRFFacet.getWords
FNDA:0,VRFFacet.getWords
DA:18,0
BRDA:18,0,0,-
BRDA:18,0,1,-
DA:20,0
DA:32,0
DA:37,0
DA:38,0
DA:41,0
FN:41,VRFFacet.rawFulfillRandomWords
FNDA:0,VRFFacet.rawFulfillRandomWords
DA:45,0
BRDA:45,1,0,-
DA:46,0
DA:49,0
DA:50,0
DA:51,0
DA:54,0
FN:54,VRFFacet._argsToBytes
FNDA:0,VRFFacet._argsToBytes
DA:57,0
FNF:3
FNH:0
LF:14
LH:0
BRF:3
BRH:0
end_of_record
TN:
SF:contracts/libraries/LibDiamond.sol
DA:51,0
FN:51,LibDiamond.diamondStorage
FNDA:0,LibDiamond.diamondStorage
DA:56,0
DA:58,0
DA:67,0
FN:67,LibDiamond.setContractOwner
FNDA:0,LibDiamond.setContractOwner
DA:68,0
DA:69,0
DA:70,0
DA:71,0
DA:74,0
FN:74,LibDiamond.contractOwner
FNDA:0,LibDiamond.contractOwner
DA:75,0
DA:78,0
FN:78,LibDiamond.enforceIsContractOwner
FNDA:0,LibDiamond.enforceIsContractOwner
DA:79,0
DA:80,0
BRDA:80,0,0,-
DA:90,0
FN:90,LibDiamond.diamondCut
FNDA:0,LibDiamond.diamondCut
DA:96,0
DA:97,0
DA:98,0
DA:100,0
DA:101,0
BRDA:101,1,0,-
BRDA:101,1,1,-
DA:102,0
DA:106,0
BRDA:106,2,0,-
BRDA:106,2,1,-
DA:107,0
DA:111,0
BRDA:111,3,0,-
BRDA:111,3,1,-
DA:112,0
DA:117,0
DA:120,0
DA:121,0
DA:124,0
FN:124,LibDiamond.addFunctions
FNDA:0,LibDiamond.addFunctions
DA:128,0
BRDA:128,4,0,-
DA:129,0
DA:130,0
BRDA:130,5,0,-
DA:131,0
DA:135,0
BRDA:135,6,0,-
DA:136,0
DA:139,0
DA:140,0
DA:141,0
DA:143,0
DA:144,0
DA:147,0
BRDA:147,7,0,-
DA:148,0
DA:149,0
DA:153,0
FN:153,LibDiamond.replaceFunctions
FNDA:0,LibDiamond.replaceFunctions
DA:157,0
BRDA:157,8,0,-
DA:158,0
DA:159,0
BRDA:159,9,0,-
DA:160,0
DA:164,0
BRDA:164,10,0,-
DA:165,0
DA:168,0
DA:169,0
DA:170,0
DA:172,0
DA:173,0
DA:176,0
DA:177,0
BRDA:177,11,0,-
DA:178,0
DA:179,0
DA:180,0
DA:184,0
FN:184,LibDiamond.removeFunctions
FNDA:0,LibDiamond.removeFunctions
DA:188,0
BRDA:188,12,0,-
DA:189,0
DA:191,0
BRDA:191,13,0,-
DA:193,0
DA:194,0
DA:195,0
DA:197,0
DA:198,0
DA:201,0
DA:205,0
FN:205,LibDiamond.addFacet
FNDA:0,LibDiamond.addFacet
DA:209,0
DA:210,0
DA:213,0
DA:216,0
FN:216,LibDiamond.addFunction
FNDA:0,LibDiamond.addFunction
DA:222,0
DA:225,0
DA:228,0
DA:231,0
FN:231,LibDiamond.removeFunction
FNDA:0,LibDiamond.removeFunction
DA:236,0
BRDA:236,14,0,-
DA:238,0
BRDA:238,15,0,-
DA:240,0
DA:243,0
DA:248,0
BRDA:248,16,0,-
DA:249,0
DA:252,0
DA:255,0
DA:260,0
DA:264,0
BRDA:264,17,0,-
DA:266,0
DA:267,0
DA:270,0
BRDA:270,18,0,-
DA:271,0
DA:274,0
DA:275,0
DA:279,0
DA:286,0
FN:286,LibDiamond.initializeDiamondCut
FNDA:0,LibDiamond.initializeDiamondCut
DA:290,0
BRDA:290,19,0,-
BRDA:290,19,1,-
DA:291,0
BRDA:291,20,0,-
DA:293,0
BRDA:293,21,0,-
DA:294,0
BRDA:294,22,0,-
DA:295,0
DA:297,0
DA:298,0
BRDA:298,23,0,-
DA:299,0
BRDA:299,24,0,-
BRDA:299,24,1,-
DA:301,0
DA:303,0
DA:309,0
FN:309,LibDiamond.enforceHasContractCode
FNDA:0,LibDiamond.enforceHasContractCode
DA:310,0
DA:312,0
DA:314,0
BRDA:314,25,0,-
FNF:13
FNH:0
LF:110
LH:0
BRF:31
BRH:0
end_of_record
TN:
SF:contracts/libraries/LibSVG.sol
DA:7,0
FN:7,LibSVG.appStorage
FNDA:0,LibSVG.appStorage
DA:9,0
DA:14,0
FN:14,LibSVG.buildRawSVG
FNDA:0,LibSVG.buildRawSVG
DA:15,0
DA:16,0
BRDA:16,0,0,-
BRDA:16,0,1,-
DA:19,0
BRDA:19,1,0,-
DA:20,0
DA:24,0
DA:25,0
DA:34,0
FN:34,LibSVG.buildTokenURI
FNDA:0,LibSVG.buildTokenURI
DA:35,0
DA:36,0
BRDA:36,2,0,-
BRDA:36,2,1,-
DA:38,0
DA:39,0
DA:40,0
DA:41,0
DA:42,0
DA:46,0
DA:72,0
FN:72,LibSVG._generateDefaultSvg
FNDA:0,LibSVG._generateDefaultSvg
DA:78,0
DA:94,0
FN:94,LibSVG._svgBottom
FNDA:0,LibSVG._svgBottom
DA:99,0
DA:117,0
FN:117,LibSVG._toString
FNDA:0,LibSVG._toString
DA:118,0
BRDA:118,3,0,-
DA:119,0
DA:120,0
DA:121,0
DA:122,0
DA:123,0
DA:124,0
DA:125,0
DA:126,0
DA:128,0
DA:131,0
FN:131,LibSVG._toHexString
FNDA:0,LibSVG._toHexString
DA:132,0
DA:133,0
DA:134,0
DA:135,0
DA:136,0
DA:137,0
DA:138,0
DA:139,0
DA:141,0
FNF:7
FNH:0
LF:43
LH:0
BRF:6
BRH:0
end_of_record
TN:
SF:contracts/upgradeInitializers/DiamondInit.sol
DA:24,0
FN:24,DiamondInit.init
FNDA:0,DiamondInit.init
DA:26,0
DA:27,0
DA:28,0
DA:29,0
DA:30,0
FNF:1
FNH:0
LF:6
LH:0
BRF:0
BRH:0
end_of_record
TN:
SF:script/DeployDiamond.s.sol
DA:23,0
FN:23,DiamondUpgradeExample.run
FNDA:0,DiamondUpgradeExample.run
DA:24,0
DA:25,0
DA:27,0
DA:29,0
DA:30,0
DA:40,0
DA:41,0
DA:42,0
DA:43,0
DA:44,0
DA:45,0
DA:46,0
DA:47,0
DA:48,0
DA:49,0
DA:50,0
DA:52,0
DA:53,0
DA:54,0
DA:55,0
DA:56,0
DA:57,0
DA:58,0
DA:59,0
DA:60,0
DA:61,0
DA:62,0
DA:64,0
DA:70,0
DA:71,0
DA:79,0
DA:82,0
FN:82,DiamondUpgradeExample._defaultReqData
FNDA:0,DiamondUpgradeExample._defaultReqData
DA:83,0
FNF:2
FNH:0
LF:34
LH:0
BRF:0
BRH:0
end_of_record
TN:
SF:script/DiamondUpgradeExample.s.sol
DA:16,0
FN:16,DiamondUpgradeExample.run
FNDA:0,DiamondUpgradeExample.run
DA:19,0
DA:22,0
DA:23,0
DA:26,0
DA:27,0
DA:30,0
DA:33,0
DA:34,0
DA:37,0
DA:41,0
DA:46,0
DA:47,0
DA:50,0
DA:51,0
DA:52,0
DA:53,0
DA:54,0
BRDA:54,0,0,-
DA:57,0
DA:58,0
DA:59,0
FNF:1
FNH:0
LF:21
LH:0
BRF:1
BRH:0
end_of_record
TN:
SF:test/MultiSigFacet.t.sol
DA:15,0
FN:15,MultiSigTarget.setValue
FNDA:0,MultiSigTarget.setValue
DA:16,0
FNF:1
FNH:0
LF:2
LH:0
BRF:0
BRH:0
end_of_record
TN:
SF:test/helpers/DiamondUpgradeHelper.sol
DA:12,0
FN:12,DiamondUpgradeHelper.buildAddCutByName
FNDA:0,DiamondUpgradeHelper.buildAddCutByName
DA:16,0
DA:17,0
DA:25,0
FN:25,DiamondUpgradeHelper.buildAddCutsByNames
FNDA:0,DiamondUpgradeHelper.buildAddCutsByNames
DA:29,0
BRDA:29,0,0,-
BRDA:29,0,1,-
DA:30,0
DA:31,0
DA:32,0
DA:38,0
FN:38,DiamondUpgradeHelper.buildReplaceCutByName
FNDA:0,DiamondUpgradeHelper.buildReplaceCutByName
DA:43,0
DA:45,0
DA:46,0
DA:47,0
DA:48,0
BRDA:48,1,0,-
DA:49,0
DA:52,0
DA:53,0
DA:54,0
DA:55,0
DA:56,0
BRDA:56,2,0,-
DA:57,0
DA:60,0
DA:68,0
FN:68,DiamondUpgradeHelper.buildReplaceCutsByNames
FNDA:0,DiamondUpgradeHelper.buildReplaceCutsByNames
DA:73,0
BRDA:73,3,0,-
BRDA:73,3,1,-
DA:74,0
DA:75,0
DA:76,0
DA:85,0
FN:85,DiamondUpgradeHelper.buildAddMissingCutByName
FNDA:0,DiamondUpgradeHelper.buildAddMissingCutByName
DA:90,0
DA:91,0
DA:92,0
DA:93,0
BRDA:93,4,0,-
DA:94,0
DA:97,0
DA:98,0
DA:99,0
DA:100,0
BRDA:100,5,0,-
DA:101,0
DA:104,0
DA:113,0
FN:113,DiamondUpgradeHelper.buildExtendCutsByName
FNDA:0,DiamondUpgradeHelper.buildExtendCutsByName
DA:118,0
DA:119,0
DA:121,0
DA:122,0
DA:123,0
DA:124,0
DA:125,0
DA:126,0
BRDA:126,6,0,-
DA:127,0
BRDA:127,7,0,-
DA:131,0
FN:131,DiamondUpgradeHelper.buildRemoveCut
FNDA:0,DiamondUpgradeHelper.buildRemoveCut
DA:134,0
DA:142,0
FN:142,DiamondUpgradeHelper.executeDiamondCut
FNDA:0,DiamondUpgradeHelper.executeDiamondCut
DA:148,0
FNF:8
FNH:0
LF:53
LH:0
BRF:10
BRH:0
end_of_record
TN:
SF:test/helpers/DiamondUtils.sol
DA:10,0
FN:10,DiamondUtils.generateSelectors
FNDA:0,DiamondUtils.generateSelectors
DA:14,0
DA:15,0
DA:16,0
DA:17,0
DA:18,0
DA:19,0
DA:20,0
DA:21,0
DA:24,0
DA:26,0
DA:28,0
DA:29,0
DA:30,0
DA:31,0
DA:33,0
DA:34,0
DA:36,0
DA:37,0
DA:38,0
DA:40,0
FNF:1
FNH:0
LF:21
LH:0
BRF:0
BRH:0
end_of_record
